2020-11-02 22:39:06: Starting Hive Metastore Server
SLF4J: Class path contains multiple SLF4J bindings.
SLF4J: Found binding in [jar:file:/usr/local/apache-hive-3.1.1-bin/lib/log4j-slf4j-impl-2.10.0.jar!/org/slf4j/impl/StaticLoggerBinder.class]
SLF4J: Found binding in [jar:file:/usr/local/hadoop-3.1.2/share/hadoop/common/lib/slf4j-log4j12-1.7.25.jar!/org/slf4j/impl/StaticLoggerBinder.class]
SLF4J: See http://www.slf4j.org/codes.html#multiple_bindings for an explanation.
SLF4J: Actual binding is of type [org.apache.logging.slf4j.Log4jLoggerFactory]
org.apache.thrift.transport.TTransportException: Could not create ServerSocket on address 0.0.0.0/0.0.0.0:9083.
	at org.apache.thrift.transport.TServerSocket.<init>(TServerSocket.java:109)
	at org.apache.thrift.transport.TServerSocket.<init>(TServerSocket.java:91)
	at org.apache.thrift.transport.TServerSocket.<init>(TServerSocket.java:87)
	at org.apache.hadoop.hive.metastore.utils.SecurityUtils.getServerSocket(SecurityUtils.java:253)
	at org.apache.hadoop.hive.metastore.HiveMetaStore.startMetaStore(HiveMetaStore.java:8968)
	at org.apache.hadoop.hive.metastore.HiveMetaStore.main(HiveMetaStore.java:8843)
	at sun.reflect.NativeMethodAccessorImpl.invoke0(Native Method)
	at sun.reflect.NativeMethodAccessorImpl.invoke(NativeMethodAccessorImpl.java:62)
	at sun.reflect.DelegatingMethodAccessorImpl.invoke(DelegatingMethodAccessorImpl.java:43)
	at java.lang.reflect.Method.invoke(Method.java:498)
	at org.apache.hadoop.util.RunJar.run(RunJar.java:318)
	at org.apache.hadoop.util.RunJar.main(RunJar.java:232)
Caused by: java.net.BindException: Address already in use (Bind failed)
	at java.net.PlainSocketImpl.socketBind(Native Method)
	at java.net.AbstractPlainSocketImpl.bind(AbstractPlainSocketImpl.java:387)
	at java.net.ServerSocket.bind(ServerSocket.java:390)
	at org.apache.thrift.transport.TServerSocket.<init>(TServerSocket.java:106)
	... 11 more
Exception in thread "main" org.apache.thrift.transport.TTransportException: Could not create ServerSocket on address 0.0.0.0/0.0.0.0:9083.
	at org.apache.thrift.transport.TServerSocket.<init>(TServerSocket.java:109)
	at org.apache.thrift.transport.TServerSocket.<init>(TServerSocket.java:91)
	at org.apache.thrift.transport.TServerSocket.<init>(TServerSocket.java:87)
	at org.apache.hadoop.hive.metastore.utils.SecurityUtils.getServerSocket(SecurityUtils.java:253)
	at org.apache.hadoop.hive.metastore.HiveMetaStore.startMetaStore(HiveMetaStore.java:8968)
	at org.apache.hadoop.hive.metastore.HiveMetaStore.main(HiveMetaStore.java:8843)
	at sun.reflect.NativeMethodAccessorImpl.invoke0(Native Method)
	at sun.reflect.NativeMethodAccessorImpl.invoke(NativeMethodAccessorImpl.java:62)
	at sun.reflect.DelegatingMethodAccessorImpl.invoke(DelegatingMethodAccessorImpl.java:43)
	at java.lang.reflect.Method.invoke(Method.java:498)
	at org.apache.hadoop.util.RunJar.run(RunJar.java:318)
	at org.apache.hadoop.util.RunJar.main(RunJar.java:232)
Caused by: java.net.BindException: Address already in use (Bind failed)
	at java.net.PlainSocketImpl.socketBind(Native Method)
	at java.net.AbstractPlainSocketImpl.bind(AbstractPlainSocketImpl.java:387)
	at java.net.ServerSocket.bind(ServerSocket.java:390)
	at org.apache.thrift.transport.TServerSocket.<init>(TServerSocket.java:106)
	... 11 more
